<?xml version="1.0" encoding="UTF-8"?>
<testng-results skipped="0" failed="0" ignored="0" total="0" passed="0">
  <reporter-output>
  </reporter-output>
  <suite name="test.DashBoardTest" duration-ms="7" started-at="2022-10-11T20:15:26Z" finished-at="2022-10-11T20:15:26Z">
    <groups>
    </groups>
    <test name="Command line test" duration-ms="7" started-at="2022-10-11T20:15:26Z" finished-at="2022-10-11T20:15:26Z">
    </test> <!-- Command line test -->
  </suite> <!-- test.DashBoardTest -->
</testng-results>
