<?xml version="1.0" encoding="UTF-8"?>
<testng-results skipped="0" failed="0" ignored="0" total="1" passed="1">
  <reporter-output>
  </reporter-output>
  <suite name="Default suite" duration-ms="3956" started-at="2022-10-11T23:44:53 EDT" finished-at="2022-10-11T23:44:57 EDT">
    <groups>
    </groups>
    <test name="Default test" duration-ms="3956" started-at="2022-10-11T23:44:53 EDT" finished-at="2022-10-11T23:44:57 EDT">
      <class name="test.AddCategoryTest">
        <test-method status="PASS" signature="testingAddCategory()[pri:0, instance:test.AddCategoryTest@1d29cf23]" name="testingAddCategory" duration-ms="3916" started-at="2022-10-11T23:44:53 EDT" finished-at="2022-10-11T23:44:57 EDT">
          <reporter-output>
          </reporter-output>
        </test-method> <!-- testingAddCategory -->
      </class> <!-- test.AddCategoryTest -->
    </test> <!-- Default test -->
  </suite> <!-- Default suite -->
</testng-results>
